2021-02-11 22:32:55.031 -05:00 [INF] Discord: Discord.Net v2.2.0 (API v6)
2021-02-11 22:32:55.915 -05:00 [INF] Gateway: Connecting
2021-02-11 22:32:56.546 -05:00 [INF] Gateway: Connected
2021-02-11 22:32:57.039 -05:00 [INF] Connected as -> [TomBot#6452] :)
2021-02-11 22:32:57.043 -05:00 [INF] We are on [3] servers
2021-02-11 22:32:57.043 -05:00 [INF] Gateway: Ready
2021-02-11 22:33:12.647 -05:00 [ERR] Command: Discord.Commands.CommandException: Error occurred executing "hullo" for rixis19#9677 in BAWTH TV3/anything.
 ---> Discord.Net.HttpException: The server responded with error 50013: Missing Permissions
   at Discord.Net.Queue.RequestBucket.SendAsync(RestRequest request)
   at Discord.Net.Queue.RequestQueue.SendAsync(RestRequest request)
   at Discord.API.DiscordRestApiClient.SendInternalAsync(String method, String endpoint, RestRequest request)
   at Discord.API.DiscordRestApiClient.SendJsonAsync[TResponse](String method, String endpoint, Object payload, String bucketId, ClientBucketType clientBucket, RequestOptions options)
   at Discord.API.DiscordRestApiClient.CreateMessageAsync(UInt64 channelId, CreateMessageParams args, RequestOptions options)
   at Discord.Rest.ChannelHelper.SendMessageAsync(IMessageChannel channel, BaseDiscordClient client, String text, Boolean isTTS, Embed embed, RequestOptions options)
   at Discord.WebSocket.SocketTextChannel.Discord.IMessageChannel.SendMessageAsync(String text, Boolean isTTS, Embed embed, RequestOptions options)
   at Discord.Commands.ModuleBase`1.ReplyAsync(String message, Boolean isTTS, Embed embed, RequestOptions options)
   at TomBot.Modules.Quotes.HulloCommand() in /Users/rixis/Documents/Years/2021/repos/TomBot/Modules/Quotes.cs:line 22
   at Discord.Commands.ModuleClassBuilder.<>c__DisplayClass6_0.<<BuildCommand>g__ExecuteCallback|0>d.MoveNext()
--- End of stack trace from previous location where exception was thrown ---
   at Discord.Commands.CommandInfo.ExecuteInternalAsync(ICommandContext context, Object[] args, IServiceProvider services)
   --- End of inner exception stack trace ---
2021-02-11 22:33:44.096 -05:00 [ERR] Command: Discord.Commands.CommandException: Error occurred executing "8ball" for rixis19#9677 in BAWTH TV3/anything.
 ---> Discord.Net.HttpException: The server responded with error 50013: Missing Permissions
   at Discord.Net.Queue.RequestBucket.SendAsync(RestRequest request)
   at Discord.Net.Queue.RequestQueue.SendAsync(RestRequest request)
   at Discord.API.DiscordRestApiClient.SendInternalAsync(String method, String endpoint, RestRequest request)
   at Discord.API.DiscordRestApiClient.SendJsonAsync[TResponse](String method, String endpoint, Object payload, String bucketId, ClientBucketType clientBucket, RequestOptions options)
   at Discord.API.DiscordRestApiClient.CreateMessageAsync(UInt64 channelId, CreateMessageParams args, RequestOptions options)
   at Discord.Rest.ChannelHelper.SendMessageAsync(IMessageChannel channel, BaseDiscordClient client, String text, Boolean isTTS, Embed embed, RequestOptions options)
   at Discord.WebSocket.SocketTextChannel.Discord.IMessageChannel.SendMessageAsync(String text, Boolean isTTS, Embed embed, RequestOptions options)
   at Discord.Commands.ModuleBase`1.ReplyAsync(String message, Boolean isTTS, Embed embed, RequestOptions options)
   at TomBot.Modules.ExampleCommands.AskEightBall(String args) in /Users/rixis/Documents/Years/2021/repos/TomBot/Modules/ExampleCommands.cs:line 109
   at Discord.Commands.ModuleClassBuilder.<>c__DisplayClass6_0.<<BuildCommand>g__ExecuteCallback|0>d.MoveNext()
--- End of stack trace from previous location where exception was thrown ---
   at Discord.Commands.CommandInfo.ExecuteInternalAsync(ICommandContext context, Object[] args, IServiceProvider services)
   --- End of inner exception stack trace ---
2021-02-11 22:34:35.663 -05:00 [INF] Command [hullo] executed for [rixis19] on [Thomas Dabs on Himself]
2021-02-11 22:34:51.536 -05:00 [ERR] Command: Discord.Commands.CommandException: Error occurred executing "hullo" for rixis19#9677 in BAWTH TV3/anything.
 ---> Discord.Net.HttpException: The server responded with error 50013: Missing Permissions
   at Discord.Net.Queue.RequestBucket.SendAsync(RestRequest request)
   at Discord.Net.Queue.RequestQueue.SendAsync(RestRequest request)
   at Discord.API.DiscordRestApiClient.SendInternalAsync(String method, String endpoint, RestRequest request)
   at Discord.API.DiscordRestApiClient.SendJsonAsync[TResponse](String method, String endpoint, Object payload, String bucketId, ClientBucketType clientBucket, RequestOptions options)
   at Discord.API.DiscordRestApiClient.CreateMessageAsync(UInt64 channelId, CreateMessageParams args, RequestOptions options)
   at Discord.Rest.ChannelHelper.SendMessageAsync(IMessageChannel channel, BaseDiscordClient client, String text, Boolean isTTS, Embed embed, RequestOptions options)
   at Discord.WebSocket.SocketTextChannel.Discord.IMessageChannel.SendMessageAsync(String text, Boolean isTTS, Embed embed, RequestOptions options)
   at Discord.Commands.ModuleBase`1.ReplyAsync(String message, Boolean isTTS, Embed embed, RequestOptions options)
   at TomBot.Modules.Quotes.HulloCommand() in /Users/rixis/Documents/Years/2021/repos/TomBot/Modules/Quotes.cs:line 22
   at Discord.Commands.ModuleClassBuilder.<>c__DisplayClass6_0.<<BuildCommand>g__ExecuteCallback|0>d.MoveNext()
--- End of stack trace from previous location where exception was thrown ---
   at Discord.Commands.CommandInfo.ExecuteInternalAsync(ICommandContext context, Object[] args, IServiceProvider services)
   --- End of inner exception stack trace ---
2021-02-11 22:35:07.521 -05:00 [INF] Command [hullo] executed for [rixis19] on [BAWTH TV3]
2021-02-11 22:39:06.105 -05:00 [INF] Discord: Discord.Net v2.2.0 (API v6)
2021-02-11 22:39:06.942 -05:00 [INF] Gateway: Connecting
2021-02-11 22:39:07.541 -05:00 [INF] Gateway: Connected
2021-02-11 22:39:08.032 -05:00 [INF] Connected as -> [TomBot#6452] :)
2021-02-11 22:39:08.036 -05:00 [INF] We are on [3] servers
2021-02-11 22:39:08.036 -05:00 [INF] Gateway: Ready
2021-02-11 22:39:12.305 -05:00 [ERR] Command failed to execute for [rixis19] <-> [Unknown command.]!
2021-02-11 22:41:19.362 -05:00 [INF] Discord: Discord.Net v2.2.0 (API v6)
2021-02-11 22:41:20.267 -05:00 [INF] Gateway: Connecting
2021-02-11 22:41:20.815 -05:00 [INF] Gateway: Connected
2021-02-11 22:41:21.309 -05:00 [INF] Connected as -> [TomBot#6452] :)
2021-02-11 22:41:21.313 -05:00 [INF] We are on [3] servers
2021-02-11 22:41:21.313 -05:00 [INF] Gateway: Ready
2021-02-11 22:42:06.368 -05:00 [INF] Command [hullo] executed for [rixis19] on [Staples D&D]
2021-02-11 22:45:39.789 -05:00 [INF] Command [hullo] executed for [rixis19] on [Staples D&D]
2021-02-11 22:45:46.499 -05:00 [INF] Command [hullo] executed for [Sleepy_Sl0th] on [Staples D&D]
