2021-02-21 18:10:04.318 -05:00 [INF] Discord: Discord.Net v2.2.0 (API v6)
2021-02-21 18:10:04.981 -05:00 [INF] Gateway: Connecting
2021-02-21 18:10:05.493 -05:00 [INF] Gateway: Connected
2021-02-21 18:10:05.983 -05:00 [INF] Connected as -> [TomBot#6452] :)
2021-02-21 18:10:05.986 -05:00 [INF] We are on [3] servers
2021-02-21 18:10:05.986 -05:00 [INF] Gateway: Ready
2021-02-21 18:10:23.765 -05:00 [ERR] Command: Discord.Commands.CommandException: Error occurred executing "tomquote" for rixis19#9677 in Thomas Dabs on Himself/bot-spam.
 ---> System.NullReferenceException: Object reference not set to an instance of an object.
   at TomBot.Modules.TomQuotesCommands.TomQuoteCommand() in C:\Users\gates\TomBot\Modules\TomQuotesCommands.cs:line 28
   at Discord.Commands.ModuleClassBuilder.<>c__DisplayClass6_0.<<BuildCommand>g__ExecuteCallback|0>d.MoveNext()
--- End of stack trace from previous location where exception was thrown ---
   at Discord.Commands.CommandInfo.ExecuteInternalAsync(ICommandContext context, Object[] args, IServiceProvider services)
   --- End of inner exception stack trace ---
2021-02-21 18:11:16.629 -05:00 [INF] Discord: Discord.Net v2.2.0 (API v6)
2021-02-21 18:11:17.374 -05:00 [INF] Gateway: Connecting
2021-02-21 18:11:17.856 -05:00 [INF] Gateway: Connected
2021-02-21 18:11:18.339 -05:00 [INF] Connected as -> [TomBot#6452] :)
2021-02-21 18:11:18.341 -05:00 [INF] We are on [3] servers
2021-02-21 18:11:18.341 -05:00 [INF] Gateway: Ready
2021-02-21 18:11:23.798 -05:00 [ERR] Command: Discord.Commands.CommandException: Error occurred executing "tomquote" for rixis19#9677 in Thomas Dabs on Himself/bot-spam.
 ---> System.NullReferenceException: Object reference not set to an instance of an object.
   at TomBot.Modules.TomQuotesCommands.TomQuoteCommand(String args) in C:\Users\gates\TomBot\Modules\TomQuotesCommands.cs:line 28
   at Discord.Commands.ModuleClassBuilder.<>c__DisplayClass6_0.<<BuildCommand>g__ExecuteCallback|0>d.MoveNext()
--- End of stack trace from previous location where exception was thrown ---
   at Discord.Commands.CommandInfo.ExecuteInternalAsync(ICommandContext context, Object[] args, IServiceProvider services)
   --- End of inner exception stack trace ---
2021-02-21 18:12:54.310 -05:00 [INF] Discord: Discord.Net v2.2.0 (API v6)
2021-02-21 18:12:55.029 -05:00 [INF] Gateway: Connecting
2021-02-21 18:12:55.514 -05:00 [INF] Gateway: Connected
2021-02-21 18:12:56.004 -05:00 [INF] Connected as -> [TomBot#6452] :)
2021-02-21 18:12:56.012 -05:00 [INF] We are on [3] servers
2021-02-21 18:12:56.013 -05:00 [INF] Gateway: Ready
2021-02-21 18:12:58.363 -05:00 [ERR] Command failed to execute for [rixis19] <-> [Unknown command.]!
2021-02-21 18:13:06.605 -05:00 [INF] Command [tomquote] executed for [rixis19] on [Thomas Dabs on Himself]
2021-02-21 18:13:14.185 -05:00 [INF] Command [tomquote] executed for [rixis19] on [Thomas Dabs on Himself]
2021-02-21 18:13:19.505 -05:00 [INF] Command [tomquote] executed for [rixis19] on [Thomas Dabs on Himself]
2021-02-21 18:13:27.333 -05:00 [INF] Command [tomquote] executed for [rixis19] on [Staples D&D]
2021-02-21 18:13:30.169 -05:00 [INF] Command [tomquote] executed for [rixis19] on [Staples D&D]
2021-02-21 18:13:46.204 -05:00 [INF] Command [tomquote] executed for [rixis19] on [BAWTH TV3]
2021-02-21 18:15:51.172 -05:00 [INF] Gateway: Joined The Aquarium
2021-02-21 18:17:25.076 -05:00 [INF] Command [remember] executed for [rixis19] on [BAWTH TV3]
2021-02-21 18:17:37.932 -05:00 [INF] Command [recall] executed for [rixis19] on [BAWTH TV3]
2021-02-21 18:20:24.510 -05:00 [INF] Command [tomquote] executed for [Franklocke] on [Staples D&D]
2021-02-21 18:30:12.073 -05:00 [INF] Command [recall] executed for [rixis19] on [BAWTH TV3]
2021-02-21 18:30:58.234 -05:00 [INF] Command [recall] executed for [rixis19] on [BAWTH TV3]
2021-02-21 18:31:00.862 -05:00 [ERR] Command failed to execute for [rixis19] <-> [Unknown command.]!
2021-02-21 18:31:08.141 -05:00 [INF] Command [recall] executed for [rixis19] on [BAWTH TV3]
2021-02-21 18:33:19.014 -05:00 [INF] Command [tomquote] executed for [rixis19] on [Staples D&D]
2021-02-21 18:33:22.761 -05:00 [INF] Command [recall] executed for [rixis19] on [Staples D&D]
2021-02-21 18:37:29.053 -05:00 [ERR] Command failed to execute for [rixis19] <-> [Unknown command.]!
