2021-02-12 02:22:53.099 -05:00 [INF] Discord: Discord.Net v2.2.0 (API v6)
2021-02-12 02:22:53.755 -05:00 [INF] Gateway: Connecting
2021-02-12 02:22:54.267 -05:00 [INF] Gateway: Connected
2021-02-12 02:22:54.754 -05:00 [INF] Connected as -> [TomBot#6452] :)
2021-02-12 02:22:54.762 -05:00 [INF] We are on [3] servers
2021-02-12 02:22:54.762 -05:00 [INF] Gateway: Ready
2021-02-12 02:31:40.738 -05:00 [INF] Discord: Discord.Net v2.2.0 (API v6)
2021-02-12 02:31:41.433 -05:00 [INF] Gateway: Connecting
2021-02-12 02:31:41.915 -05:00 [INF] Gateway: Connected
2021-02-12 02:31:42.418 -05:00 [INF] Connected as -> [TomBot#6452] :)
2021-02-12 02:31:42.425 -05:00 [INF] We are on [3] servers
2021-02-12 02:31:42.425 -05:00 [INF] Gateway: Ready
2021-02-12 02:32:28.772 -05:00 [INF] Command [add] executed for [rixis19] on [BAWTH TV3]
2021-02-12 02:32:41.990 -05:00 [INF] Command [add] executed for [rixis19] on [BAWTH TV3]
2021-02-12 02:34:23.869 -05:00 [INF] Discord: Discord.Net v2.2.0 (API v6)
2021-02-12 02:34:24.604 -05:00 [INF] Gateway: Connecting
2021-02-12 02:34:25.083 -05:00 [INF] Gateway: Connected
2021-02-12 02:34:25.574 -05:00 [INF] Connected as -> [TomBot#6452] :)
2021-02-12 02:34:25.577 -05:00 [INF] We are on [3] servers
2021-02-12 02:34:25.577 -05:00 [INF] Gateway: Ready
2021-02-12 02:34:34.884 -05:00 [INF] Command [rememberthis] executed for [rixis19] on [BAWTH TV3]
2021-02-12 02:37:03.553 -05:00 [INF] Discord: Discord.Net v2.2.0 (API v6)
2021-02-12 02:37:04.242 -05:00 [INF] Gateway: Connecting
2021-02-12 02:37:04.712 -05:00 [INF] Gateway: Connected
2021-02-12 02:37:05.202 -05:00 [INF] Connected as -> [TomBot#6452] :)
2021-02-12 02:37:05.211 -05:00 [INF] We are on [3] servers
2021-02-12 02:37:05.212 -05:00 [INF] Gateway: Ready
2021-02-12 02:39:17.554 -05:00 [INF] Discord: Discord.Net v2.2.0 (API v6)
2021-02-12 02:39:18.253 -05:00 [INF] Gateway: Connecting
2021-02-12 02:39:18.747 -05:00 [INF] Gateway: Connected
2021-02-12 02:39:19.238 -05:00 [INF] Connected as -> [TomBot#6452] :)
2021-02-12 02:39:19.246 -05:00 [INF] We are on [3] servers
2021-02-12 02:39:19.247 -05:00 [INF] Gateway: Ready
2021-02-12 02:43:50.466 -05:00 [INF] Discord: Discord.Net v2.2.0 (API v6)
2021-02-12 02:43:51.169 -05:00 [INF] Gateway: Connecting
2021-02-12 02:43:51.711 -05:00 [INF] Gateway: Connected
2021-02-12 02:43:52.202 -05:00 [INF] Connected as -> [TomBot#6452] :)
2021-02-12 02:43:52.209 -05:00 [INF] We are on [3] servers
2021-02-12 02:43:52.209 -05:00 [INF] Gateway: Ready
2021-02-12 02:44:07.928 -05:00 [INF] Command [rememberthis] executed for [rixis19] on [BAWTH TV3]
2021-02-12 02:47:10.829 -05:00 [INF] Discord: Discord.Net v2.2.0 (API v6)
2021-02-12 02:47:11.513 -05:00 [INF] Gateway: Connecting
2021-02-12 02:47:12.000 -05:00 [INF] Gateway: Connected
2021-02-12 02:47:12.489 -05:00 [INF] Connected as -> [TomBot#6452] :)
2021-02-12 02:47:12.499 -05:00 [INF] We are on [3] servers
2021-02-12 02:47:12.499 -05:00 [INF] Gateway: Ready
2021-02-12 02:47:24.860 -05:00 [INF] Command [rememberthis] executed for [rixis19] on [BAWTH TV3]
2021-02-12 02:49:03.103 -05:00 [INF] Discord: Discord.Net v2.2.0 (API v6)
2021-02-12 02:49:03.800 -05:00 [INF] Gateway: Connecting
2021-02-12 02:49:04.325 -05:00 [INF] Gateway: Connected
2021-02-12 02:49:04.807 -05:00 [INF] Connected as -> [TomBot#6452] :)
2021-02-12 02:49:04.809 -05:00 [INF] We are on [3] servers
2021-02-12 02:49:04.809 -05:00 [INF] Gateway: Ready
2021-02-12 02:49:16.078 -05:00 [INF] Command [rememberthis] executed for [rixis19] on [Thomas Dabs on Himself]
2021-02-12 02:51:26.391 -05:00 [INF] Discord: Discord.Net v2.2.0 (API v6)
2021-02-12 02:51:27.199 -05:00 [INF] Gateway: Connecting
2021-02-12 02:51:27.797 -05:00 [INF] Gateway: Connected
2021-02-12 02:51:28.276 -05:00 [INF] Connected as -> [TomBot#6452] :)
2021-02-12 02:51:28.281 -05:00 [INF] We are on [3] servers
2021-02-12 02:51:28.281 -05:00 [INF] Gateway: Ready
2021-02-12 02:51:32.237 -05:00 [INF] Command [rememberthis] executed for [rixis19] on [Thomas Dabs on Himself]
2021-02-12 13:49:36.739 -05:00 [INF] Discord: Discord.Net v2.2.0 (API v6)
2021-02-12 13:49:37.425 -05:00 [INF] Gateway: Connecting
2021-02-12 13:49:37.890 -05:00 [INF] Gateway: Connected
2021-02-12 13:49:38.377 -05:00 [INF] Connected as -> [TomBot#6452] :)
2021-02-12 13:49:38.379 -05:00 [INF] We are on [3] servers
2021-02-12 13:49:38.379 -05:00 [INF] Gateway: Ready
2021-02-12 13:49:43.720 -05:00 [INF] Command [recall] executed for [rixis19] on [BAWTH TV3]
2021-02-12 13:49:51.508 -05:00 [INF] Command [recall] executed for [rixis19] on [BAWTH TV3]
2021-02-12 13:51:49.232 -05:00 [INF] Discord: Discord.Net v2.2.0 (API v6)
2021-02-12 13:51:49.916 -05:00 [INF] Gateway: Connecting
2021-02-12 13:51:50.450 -05:00 [INF] Gateway: Connected
2021-02-12 13:51:50.944 -05:00 [INF] Connected as -> [TomBot#6452] :)
2021-02-12 13:51:50.949 -05:00 [INF] We are on [3] servers
2021-02-12 13:51:50.949 -05:00 [INF] Gateway: Ready
2021-02-12 13:51:54.251 -05:00 [INF] Command [recall] executed for [rixis19] on [BAWTH TV3]
2021-02-12 13:53:21.978 -05:00 [INF] Command [rememberthis] executed for [rixis19] on [Thomas Dabs on Himself]
2021-02-12 13:53:31.505 -05:00 [INF] Command [rememberthis] executed for [rixis19] on [Thomas Dabs on Himself]
2021-02-12 13:53:40.011 -05:00 [INF] Command [rememberthis] executed for [rixis19] on [Thomas Dabs on Himself]
2021-02-12 13:53:42.071 -05:00 [INF] Command [recall] executed for [rixis19] on [Thomas Dabs on Himself]
2021-02-12 14:02:00.323 -05:00 [INF] Discord: Discord.Net v2.2.0 (API v6)
2021-02-12 14:02:00.952 -05:00 [INF] Gateway: Connecting
2021-02-12 14:02:01.415 -05:00 [INF] Gateway: Connected
2021-02-12 14:02:01.908 -05:00 [INF] Connected as -> [TomBot#6452] :)
2021-02-12 14:02:01.910 -05:00 [INF] We are on [3] servers
2021-02-12 14:02:01.910 -05:00 [INF] Gateway: Ready
2021-02-12 14:02:08.342 -05:00 [INF] Command [recall] executed for [rixis19] on [BAWTH TV3]
2021-02-12 14:05:09.758 -05:00 [INF] Discord: Discord.Net v2.2.0 (API v6)
2021-02-12 14:05:10.429 -05:00 [INF] Gateway: Connecting
2021-02-12 14:05:10.945 -05:00 [INF] Gateway: Connected
2021-02-12 14:05:11.438 -05:00 [INF] Connected as -> [TomBot#6452] :)
2021-02-12 14:05:11.444 -05:00 [INF] We are on [3] servers
2021-02-12 14:05:11.444 -05:00 [INF] Gateway: Ready
2021-02-12 14:05:29.270 -05:00 [INF] Discord: Discord.Net v2.2.0 (API v6)
2021-02-12 14:05:29.922 -05:00 [INF] Gateway: Connecting
2021-02-12 14:05:30.389 -05:00 [INF] Gateway: Connected
2021-02-12 14:05:30.883 -05:00 [INF] Connected as -> [TomBot#6452] :)
2021-02-12 14:05:30.891 -05:00 [INF] We are on [3] servers
2021-02-12 14:05:30.892 -05:00 [INF] Gateway: Ready
2021-02-12 14:05:35.941 -05:00 [INF] Command [recall] executed for [rixis19] on [BAWTH TV3]
2021-02-12 14:08:13.094 -05:00 [INF] Discord: Discord.Net v2.2.0 (API v6)
2021-02-12 14:08:13.736 -05:00 [INF] Gateway: Connecting
2021-02-12 14:08:14.169 -05:00 [INF] Gateway: Connected
2021-02-12 14:08:14.656 -05:00 [INF] Connected as -> [TomBot#6452] :)
2021-02-12 14:08:14.665 -05:00 [INF] We are on [3] servers
2021-02-12 14:08:14.665 -05:00 [INF] Gateway: Ready
2021-02-12 14:08:17.371 -05:00 [INF] Command [recall] executed for [rixis19] on [Thomas Dabs on Himself]
2021-02-12 14:10:34.427 -05:00 [INF] Command [8ball] executed for [rixis19] on [Thomas Dabs on Himself]
2021-02-12 14:11:41.460 -05:00 [INF] Discord: Discord.Net v2.2.0 (API v6)
2021-02-12 14:11:42.220 -05:00 [INF] Gateway: Connecting
2021-02-12 14:11:42.708 -05:00 [INF] Gateway: Connected
2021-02-12 14:11:43.201 -05:00 [INF] Connected as -> [TomBot#6452] :)
2021-02-12 14:11:43.203 -05:00 [INF] We are on [3] servers
2021-02-12 14:11:43.203 -05:00 [INF] Gateway: Ready
2021-02-12 14:11:48.465 -05:00 [INF] Command [recall] executed for [rixis19] on [Thomas Dabs on Himself]
2021-02-12 14:11:56.555 -05:00 [INF] Command [8ball] executed for [rixis19] on [Thomas Dabs on Himself]
2021-02-12 14:12:59.275 -05:00 [INF] Discord: Discord.Net v2.2.0 (API v6)
2021-02-12 14:12:59.941 -05:00 [INF] Gateway: Connecting
2021-02-12 14:13:00.447 -05:00 [INF] Gateway: Connected
2021-02-12 14:13:00.941 -05:00 [INF] Connected as -> [TomBot#6452] :)
2021-02-12 14:13:00.942 -05:00 [INF] We are on [3] servers
2021-02-12 14:13:00.942 -05:00 [INF] Gateway: Ready
2021-02-12 14:13:02.060 -05:00 [INF] Command [recall] executed for [rixis19] on [Thomas Dabs on Himself]
2021-02-12 14:14:27.323 -05:00 [INF] Discord: Discord.Net v2.2.0 (API v6)
2021-02-12 14:14:27.969 -05:00 [INF] Gateway: Connecting
2021-02-12 14:14:28.413 -05:00 [INF] Gateway: Connected
2021-02-12 14:14:28.909 -05:00 [INF] Connected as -> [TomBot#6452] :)
2021-02-12 14:14:28.911 -05:00 [INF] We are on [3] servers
2021-02-12 14:14:28.911 -05:00 [INF] Gateway: Ready
2021-02-12 14:14:31.735 -05:00 [INF] Command [recall] executed for [rixis19] on [Thomas Dabs on Himself]
2021-02-12 14:14:43.238 -05:00 [INF] Command [recall] executed for [rixis19] on [Thomas Dabs on Himself]
2021-02-12 14:15:10.655 -05:00 [INF] Command [8ball] executed for [rixis19] on [Thomas Dabs on Himself]
2021-02-12 14:17:23.067 -05:00 [INF] Discord: Discord.Net v2.2.0 (API v6)
2021-02-12 14:17:23.707 -05:00 [INF] Gateway: Connecting
2021-02-12 14:17:24.266 -05:00 [INF] Gateway: Connected
2021-02-12 14:17:24.750 -05:00 [INF] Connected as -> [TomBot#6452] :)
2021-02-12 14:17:24.752 -05:00 [INF] We are on [3] servers
2021-02-12 14:17:24.753 -05:00 [INF] Gateway: Ready
2021-02-12 14:17:34.101 -05:00 [INF] Command [recall] executed for [rixis19] on [Thomas Dabs on Himself]
2021-02-12 14:17:39.301 -05:00 [INF] Command [recall] executed for [rixis19] on [BAWTH TV3]
2021-02-12 14:20:41.044 -05:00 [INF] Discord: Discord.Net v2.2.0 (API v6)
2021-02-12 14:20:41.653 -05:00 [INF] Gateway: Connecting
2021-02-12 14:20:42.127 -05:00 [INF] Gateway: Connected
2021-02-12 14:20:42.626 -05:00 [INF] Connected as -> [TomBot#6452] :)
2021-02-12 14:20:42.632 -05:00 [INF] We are on [3] servers
2021-02-12 14:20:42.633 -05:00 [INF] Gateway: Ready
2021-02-12 14:20:44.071 -05:00 [INF] Command [recall] executed for [rixis19] on [BAWTH TV3]
2021-02-12 14:21:28.003 -05:00 [ERR] Command: Discord.Commands.CommandException: Error occurred executing "recall" for rixis19#9677 in @rixis19#9677.
 ---> System.NullReferenceException: Object reference not set to an instance of an object.
   at TomBot.Services.CommandHandler.CommandExecutedAsync(Optional`1 command, ICommandContext context, IResult result) in C:\Users\gates\TomBot\Services\CommandHandler.cs:line 91
   at Discord.EventExtensions.InvokeAsync[T1,T2,T3](AsyncEvent`1 eventHandler, T1 arg1, T2 arg2, T3 arg3)
   at Discord.Commands.CommandInfo.ExecuteInternalAsync(ICommandContext context, Object[] args, IServiceProvider services)
   --- End of inner exception stack trace ---
2021-02-12 14:22:24.294 -05:00 [ERR] Command: Discord.Commands.CommandException: Error occurred executing "rememberthis" for rixis19#9677 in @rixis19#9677.
 ---> System.NullReferenceException: Object reference not set to an instance of an object.
   at TomBot.Services.CommandHandler.CommandExecutedAsync(Optional`1 command, ICommandContext context, IResult result) in C:\Users\gates\TomBot\Services\CommandHandler.cs:line 91
   at Discord.EventExtensions.InvokeAsync[T1,T2,T3](AsyncEvent`1 eventHandler, T1 arg1, T2 arg2, T3 arg3)
   at Discord.Commands.CommandInfo.ExecuteInternalAsync(ICommandContext context, Object[] args, IServiceProvider services)
   --- End of inner exception stack trace ---
2021-02-12 14:26:01.045 -05:00 [INF] Discord: Discord.Net v2.2.0 (API v6)
2021-02-12 14:26:01.690 -05:00 [INF] Gateway: Connecting
2021-02-12 14:26:02.210 -05:00 [INF] Gateway: Connected
2021-02-12 14:26:02.706 -05:00 [INF] Connected as -> [TomBot#6452] :)
2021-02-12 14:26:02.713 -05:00 [INF] We are on [3] servers
2021-02-12 14:26:02.714 -05:00 [INF] Gateway: Ready
2021-02-12 14:26:08.780 -05:00 [ERR] Command: Discord.Commands.CommandException: Error occurred executing "8ball" for rixis19#9677 in @rixis19#9677.
 ---> System.NullReferenceException: Object reference not set to an instance of an object.
   at TomBot.Services.CommandHandler.CommandExecutedAsync(Optional`1 command, ICommandContext context, IResult result) in C:\Users\gates\TomBot\Services\CommandHandler.cs:line 91
   at Discord.EventExtensions.InvokeAsync[T1,T2,T3](AsyncEvent`1 eventHandler, T1 arg1, T2 arg2, T3 arg3)
   at Discord.Commands.CommandInfo.ExecuteInternalAsync(ICommandContext context, Object[] args, IServiceProvider services)
   --- End of inner exception stack trace ---
2021-02-12 23:29:53.984 -05:00 [INF] Discord: Discord.Net v2.2.0 (API v6)
2021-02-12 23:29:54.829 -05:00 [INF] Gateway: Connecting
2021-02-12 23:29:55.374 -05:00 [INF] Gateway: Connected
2021-02-12 23:29:55.859 -05:00 [INF] Connected as -> [TomBot#6452] :)
2021-02-12 23:29:55.862 -05:00 [INF] We are on [3] servers
2021-02-12 23:29:55.862 -05:00 [INF] Gateway: Ready
2021-02-12 23:30:05.483 -05:00 [INF] Command [rememberthis] executed for [rixis19] on [BAWTH TV3]
2021-02-12 23:56:27.707 -05:00 [WRN] Gateway: System.Exception: Server requested a reconnect
   at Discord.ConnectionManager.<>c__DisplayClass29_0.<<StartAsync>b__0>d.MoveNext()
2021-02-12 23:56:27.708 -05:00 [INF] Gateway: Disconnecting
2021-02-12 23:56:27.738 -05:00 [INF] Gateway: Disconnected
2021-02-12 23:56:28.750 -05:00 [INF] Gateway: Connecting
2021-02-12 23:56:28.997 -05:00 [WRN] Gateway: Failed to resume previous session
2021-02-12 23:56:29.072 -05:00 [INF] Gateway: Connected
2021-02-12 23:56:29.575 -05:00 [INF] Connected as -> [TomBot#6452] :)
2021-02-12 23:56:29.576 -05:00 [INF] We are on [3] servers
2021-02-12 23:56:29.577 -05:00 [INF] Gateway: Ready
